<?xml version="1.0" encoding="UTF-8"?>
<testng-results ignored="0" total="3" passed="3" failed="0" skipped="0">
  <reporter-output>
  </reporter-output>
  <suite started-at="2025-12-27T18:37:33 IST" name="Suite" finished-at="2025-12-27T18:37:56 IST" duration-ms="23077">
    <groups>
    </groups>
    <test started-at="2025-12-27T18:37:33 IST" name="Test1" finished-at="2025-12-27T18:37:46 IST" duration-ms="12835">
      <class name="AmazonAutomation.CrossBrowserTest">
        <test-method signature="browserTest(java.lang.String)[pri:0, instance:AmazonAutomation.CrossBrowserTest@2a3b5b47]" started-at="2025-12-27T18:37:34 IST" name="browserTest" finished-at="2025-12-27T18:37:46 IST" duration-ms="12622" status="PASS">
          <params>
            <param index="0">
              <value>
                <![CDATA[chrome]]>
              </value>
            </param>
          </params>
          <reporter-output>
          </reporter-output>
        </test-method> <!-- browserTest -->
      </class> <!-- AmazonAutomation.CrossBrowserTest -->
    </test> <!-- Test1 -->
    <test started-at="2025-12-27T18:37:33 IST" name="Test3" finished-at="2025-12-27T18:37:46 IST" duration-ms="13091">
      <class name="AmazonAutomation.CrossBrowserTest">
        <test-method signature="browserTest(java.lang.String)[pri:0, instance:AmazonAutomation.CrossBrowserTest@217ed35e]" started-at="2025-12-27T18:37:34 IST" name="browserTest" finished-at="2025-12-27T18:37:46 IST" duration-ms="12899" status="PASS">
          <params>
            <param index="0">
              <value>
                <![CDATA[edge]]>
              </value>
            </param>
          </params>
          <reporter-output>
          </reporter-output>
        </test-method> <!-- browserTest -->
      </class> <!-- AmazonAutomation.CrossBrowserTest -->
    </test> <!-- Test3 -->
    <test started-at="2025-12-27T18:37:33 IST" name="Test2" finished-at="2025-12-27T18:37:56 IST" duration-ms="23077">
      <class name="AmazonAutomation.CrossBrowserTest">
        <test-method signature="browserTest(java.lang.String)[pri:0, instance:AmazonAutomation.CrossBrowserTest@139982de]" started-at="2025-12-27T18:37:34 IST" name="browserTest" finished-at="2025-12-27T18:37:56 IST" duration-ms="22886" status="PASS">
          <params>
            <param index="0">
              <value>
                <![CDATA[firefox]]>
              </value>
            </param>
          </params>
          <reporter-output>
          </reporter-output>
        </test-method> <!-- browserTest -->
      </class> <!-- AmazonAutomation.CrossBrowserTest -->
    </test> <!-- Test2 -->
  </suite> <!-- Suite -->
</testng-results>
