<?xml version="1.0" encoding="UTF-8"?>
<!-- Generated by org.testng.reporters.JUnitReportReporter -->
<testsuite hostname="Asus-Vivobook-S14" failures="0" tests="3" name="AmazonAutomation.CrossBrowserTest" time="48.407" errors="0" timestamp="2025-12-27T18:37:57 IST" skipped="0">
  <testcase classname="AmazonAutomation.CrossBrowserTest" name="browserTest" time="22.886"/>
  <testcase classname="AmazonAutomation.CrossBrowserTest" name="browserTest" time="12.899"/>
  <testcase classname="AmazonAutomation.CrossBrowserTest" name="browserTest" time="12.622"/>
</testsuite> <!-- AmazonAutomation.CrossBrowserTest -->
